<?xml version="1.0" encoding="UTF-8"?>
<testsuite name="de.htwg.se.chess.model.MovementTest" tests="2" skipped="0" failures="0" errors="0" timestamp="2016-04-29T10:34:59" hostname="3dlab9" time="0.001">
  <properties/>
  <testcase name="testHorizontalVertikalMoves" classname="de.htwg.se.chess.model.MovementTest" time="0.0"/>
  <testcase name="testDiagonalMoves" classname="de.htwg.se.chess.model.MovementTest" time="0.001"/>
  <system-out><![CDATA[]]></system-out>
  <system-err><![CDATA[]]></system-err>
</testsuite>
