<?xml version="1.0" encoding="UTF-8"?>
<testsuite name="de.htwg.se.chess.model.ChessBoardTest" tests="1" skipped="0" failures="0" errors="0" timestamp="2016-04-29T10:34:59" hostname="3dlab9" time="0.021">
  <properties/>
  <testcase name="testToString" classname="de.htwg.se.chess.model.ChessBoardTest" time="0.021"/>
  <system-out><![CDATA[]]></system-out>
  <system-err><![CDATA[]]></system-err>
</testsuite>
