<?xml version="1.0" encoding="UTF-8"?>
<testsuite name="de.htwg.se.chess.model.PositionTest" tests="3" skipped="0" failures="0" errors="0" timestamp="2016-04-29T10:22:02" hostname="3dlab9" time="0.001">
  <properties/>
  <testcase name="testToString" classname="de.htwg.se.chess.model.PositionTest" time="0.001"/>
  <testcase name="testGetter" classname="de.htwg.se.chess.model.PositionTest" time="0.0"/>
  <testcase name="testSetter" classname="de.htwg.se.chess.model.PositionTest" time="0.0"/>
  <system-out><![CDATA[]]></system-out>
  <system-err><![CDATA[]]></system-err>
</testsuite>
