<?xml version="1.0" encoding="UTF-8"?>
<testsuite name="de.htwg.chess.model.RookTest" tests="1" skipped="0" failures="0" errors="0" timestamp="2016-05-27T10:08:20" hostname="3dlab14" time="0.023">
  <properties/>
  <testcase name="testPossibleMoves" classname="de.htwg.chess.model.RookTest" time="0.023"/>
  <system-out><![CDATA[]]></system-out>
  <system-err><![CDATA[]]></system-err>
</testsuite>
