<?xml version="1.0" encoding="UTF-8"?>
<testsuite name="de.htwg.chess.model.PositionTest" tests="4" skipped="0" failures="0" errors="0" timestamp="2016-05-27T10:08:20" hostname="3dlab14" time="0.001">
  <properties/>
  <testcase name="testToString" classname="de.htwg.chess.model.PositionTest" time="0.0"/>
  <testcase name="testSamePosition" classname="de.htwg.chess.model.PositionTest" time="0.0"/>
  <testcase name="testGetter" classname="de.htwg.chess.model.PositionTest" time="0.0"/>
  <testcase name="testSetter" classname="de.htwg.chess.model.PositionTest" time="0.0"/>
  <system-out><![CDATA[]]></system-out>
  <system-err><![CDATA[]]></system-err>
</testsuite>
