<?xml version="1.0" encoding="UTF-8"?>
<testsuite name="de.htwg.chess.model.TeamTest" tests="2" skipped="0" failures="0" errors="0" timestamp="2016-05-27T10:08:20" hostname="3dlab14" time="0.001">
  <properties/>
  <testcase name="testMove" classname="de.htwg.chess.model.TeamTest" time="0.001"/>
  <testcase name="testNewTeam" classname="de.htwg.chess.model.TeamTest" time="0.0"/>
  <system-out><![CDATA[]]></system-out>
  <system-err><![CDATA[]]></system-err>
</testsuite>
